[2026-02-28 19:30:00 KST] ========== Watchdog 실행 시작 ==========
[2026-02-28 19:30:00 KST] ⚠️  ralphton-watcher: VM 상태 비정상 (ERROR)
[2026-02-28 19:30:00 KST] ⚠️  ralphton-developer: VM 상태 비정상 (ERROR)
[2026-02-28 19:30:00 KST] ⚠️  ralphton-domain-expert: VM 상태 비정상 (ERROR)
[2026-02-28 19:30:00 KST] ⚠️  ralphton-a100: VM 상태 비정상 (ERROR)
[2026-02-28 19:30:00 KST] ⚠️  ralphton-evaluator: VM 상태 비정상 (ERROR)
[2026-02-28 19:30:01 KST] ========== 이상 감지 — 복구 0건 수행 ==========
[2026-02-28 19:33:00 KST] ========== Watchdog 실행 시작 ==========
[2026-02-28 19:33:00 KST] ⚠️  ralphton-watcher: VM 상태 비정상 (ERROR)
[2026-02-28 19:33:00 KST] ⚠️  ralphton-developer: VM 상태 비정상 (ERROR)
[2026-02-28 19:33:00 KST] ⚠️  ralphton-domain-expert: VM 상태 비정상 (ERROR)
[2026-02-28 19:33:00 KST] ⚠️  ralphton-a100: VM 상태 비정상 (ERROR)
[2026-02-28 19:33:00 KST] ⚠️  ralphton-evaluator: VM 상태 비정상 (ERROR)
[2026-02-28 19:33:00 KST] ========== 이상 감지 — 복구 0건 수행 ==========
[2026-02-28 19:36:00 KST] ========== Watchdog 실행 시작 ==========
[2026-02-28 19:36:00 KST] ⚠️  ralphton-watcher: VM 상태 비정상 (ERROR)
[2026-02-28 19:36:00 KST] ⚠️  ralphton-developer: VM 상태 비정상 (ERROR)
[2026-02-28 19:36:00 KST] ⚠️  ralphton-domain-expert: VM 상태 비정상 (ERROR)
[2026-02-28 19:36:00 KST] ⚠️  ralphton-a100: VM 상태 비정상 (ERROR)
[2026-02-28 19:36:00 KST] ⚠️  ralphton-evaluator: VM 상태 비정상 (ERROR)
[2026-02-28 19:36:00 KST] ========== 이상 감지 — 복구 0건 수행 ==========
[2026-02-28 19:39:01 KST] ========== Watchdog 실행 시작 ==========
[2026-02-28 19:39:01 KST] ⚠️  ralphton-watcher: VM 상태 비정상 (ERROR)
[2026-02-28 19:39:01 KST] ⚠️  ralphton-developer: VM 상태 비정상 (ERROR)
[2026-02-28 19:39:01 KST] ⚠️  ralphton-domain-expert: VM 상태 비정상 (ERROR)
[2026-02-28 19:39:01 KST] ⚠️  ralphton-a100: VM 상태 비정상 (ERROR)
[2026-02-28 19:39:01 KST] ⚠️  ralphton-evaluator: VM 상태 비정상 (ERROR)
[2026-02-28 19:39:01 KST] ========== 이상 감지 — 복구 0건 수행 ==========
[2026-02-28 19:42:00 KST] ========== Watchdog 실행 시작 ==========
[2026-02-28 19:42:00 KST] ⚠️  ralphton-watcher: VM 상태 비정상 (ERROR)
[2026-02-28 19:42:00 KST] ⚠️  ralphton-developer: VM 상태 비정상 (ERROR)
[2026-02-28 19:42:00 KST] ⚠️  ralphton-domain-expert: VM 상태 비정상 (ERROR)
[2026-02-28 19:42:00 KST] ⚠️  ralphton-a100: VM 상태 비정상 (ERROR)
[2026-02-28 19:42:00 KST] ⚠️  ralphton-evaluator: VM 상태 비정상 (ERROR)
[2026-02-28 19:42:00 KST] ========== 이상 감지 — 복구 0건 수행 ==========
[2026-02-28 19:45:00 KST] ========== Watchdog 실행 시작 ==========
[2026-02-28 19:45:00 KST] ⚠️  ralphton-watcher: VM 상태 비정상 (ERROR)
[2026-02-28 19:45:00 KST] ⚠️  ralphton-developer: VM 상태 비정상 (ERROR)
[2026-02-28 19:45:00 KST] ⚠️  ralphton-domain-expert: VM 상태 비정상 (ERROR)
[2026-02-28 19:45:00 KST] ⚠️  ralphton-a100: VM 상태 비정상 (ERROR)
[2026-02-28 19:45:00 KST] ⚠️  ralphton-evaluator: VM 상태 비정상 (ERROR)
[2026-02-28 19:45:00 KST] ========== 이상 감지 — 복구 0건 수행 ==========
[2026-02-28 19:48:01 KST] ========== Watchdog 실행 시작 ==========
[2026-02-28 19:48:01 KST] ⚠️  ralphton-watcher: VM 상태 비정상 (ERROR)
[2026-02-28 19:48:01 KST] ⚠️  ralphton-developer: VM 상태 비정상 (ERROR)
[2026-02-28 19:48:01 KST] ⚠️  ralphton-domain-expert: VM 상태 비정상 (ERROR)
[2026-02-28 19:48:01 KST] ⚠️  ralphton-a100: VM 상태 비정상 (ERROR)
[2026-02-28 19:48:01 KST] ⚠️  ralphton-evaluator: VM 상태 비정상 (ERROR)
[2026-02-28 19:48:01 KST] ========== 이상 감지 — 복구 0건 수행 ==========
[2026-02-28 19:51:00 KST] ========== Watchdog 실행 시작 ==========
[2026-02-28 19:51:00 KST] ⚠️  ralphton-watcher: VM 상태 비정상 (ERROR)
[2026-02-28 19:51:00 KST] ⚠️  ralphton-developer: VM 상태 비정상 (ERROR)
[2026-02-28 19:51:00 KST] ⚠️  ralphton-domain-expert: VM 상태 비정상 (ERROR)
[2026-02-28 19:51:00 KST] ⚠️  ralphton-a100: VM 상태 비정상 (ERROR)
[2026-02-28 19:51:00 KST] ⚠️  ralphton-evaluator: VM 상태 비정상 (ERROR)
[2026-02-28 19:51:00 KST] ========== 이상 감지 — 복구 0건 수행 ==========
[2026-02-28 19:54:00 KST] ========== Watchdog 실행 시작 ==========
[2026-02-28 19:54:00 KST] ⚠️  ralphton-watcher: VM 상태 비정상 (ERROR)
[2026-02-28 19:54:00 KST] ⚠️  ralphton-developer: VM 상태 비정상 (ERROR)
[2026-02-28 19:54:00 KST] ⚠️  ralphton-domain-expert: VM 상태 비정상 (ERROR)
[2026-02-28 19:54:00 KST] ⚠️  ralphton-a100: VM 상태 비정상 (ERROR)
[2026-02-28 19:54:00 KST] ⚠️  ralphton-evaluator: VM 상태 비정상 (ERROR)
[2026-02-28 19:54:00 KST] ========== 이상 감지 — 복구 0건 수행 ==========
[2026-02-28 19:57:00 KST] ========== Watchdog 실행 시작 ==========
[2026-02-28 19:57:00 KST] ⚠️  ralphton-watcher: VM 상태 비정상 (ERROR)
[2026-02-28 19:57:00 KST] ⚠️  ralphton-developer: VM 상태 비정상 (ERROR)
[2026-02-28 19:57:00 KST] ⚠️  ralphton-domain-expert: VM 상태 비정상 (ERROR)
[2026-02-28 19:57:00 KST] ⚠️  ralphton-a100: VM 상태 비정상 (ERROR)
[2026-02-28 19:57:00 KST] ⚠️  ralphton-evaluator: VM 상태 비정상 (ERROR)
[2026-02-28 19:57:00 KST] ========== 이상 감지 — 복구 0건 수행 ==========
[2026-02-28 20:00:00 KST] ========== Watchdog 실행 시작 ==========
[2026-02-28 20:00:00 KST] ⚠️  ralphton-watcher: VM 상태 비정상 (ERROR)
[2026-02-28 20:00:00 KST] ⚠️  ralphton-developer: VM 상태 비정상 (ERROR)
[2026-02-28 20:00:00 KST] ⚠️  ralphton-domain-expert: VM 상태 비정상 (ERROR)
[2026-02-28 20:00:00 KST] ⚠️  ralphton-a100: VM 상태 비정상 (ERROR)
[2026-02-28 20:00:00 KST] ⚠️  ralphton-evaluator: VM 상태 비정상 (ERROR)
[2026-02-28 20:00:00 KST] ========== 이상 감지 — 복구 0건 수행 ==========
[2026-02-28 20:03:00 KST] ========== Watchdog 실행 시작 ==========
[2026-02-28 20:03:00 KST] ⚠️  ralphton-watcher: VM 상태 비정상 (ERROR)
[2026-02-28 20:03:00 KST] ⚠️  ralphton-developer: VM 상태 비정상 (ERROR)
[2026-02-28 20:03:00 KST] ⚠️  ralphton-domain-expert: VM 상태 비정상 (ERROR)
[2026-02-28 20:03:00 KST] ⚠️  ralphton-a100: VM 상태 비정상 (ERROR)
[2026-02-28 20:03:01 KST] ⚠️  ralphton-evaluator: VM 상태 비정상 (ERROR)
[2026-02-28 20:03:01 KST] ========== 이상 감지 — 복구 0건 수행 ==========
[2026-02-28 20:06:00 KST] ========== Watchdog 실행 시작 ==========
[2026-02-28 20:06:00 KST] ⚠️  ralphton-watcher: VM 상태 비정상 (ERROR)
[2026-02-28 20:06:00 KST] ⚠️  ralphton-developer: VM 상태 비정상 (ERROR)
[2026-02-28 20:06:00 KST] ⚠️  ralphton-domain-expert: VM 상태 비정상 (ERROR)
[2026-02-28 20:06:00 KST] ⚠️  ralphton-a100: VM 상태 비정상 (ERROR)
[2026-02-28 20:06:00 KST] ⚠️  ralphton-evaluator: VM 상태 비정상 (ERROR)
[2026-02-28 20:06:00 KST] ========== 이상 감지 — 복구 0건 수행 ==========
[2026-02-28 20:09:00 KST] ========== Watchdog 실행 시작 ==========
[2026-02-28 20:09:00 KST] ⚠️  ralphton-watcher: VM 상태 비정상 (ERROR)
[2026-02-28 20:09:00 KST] ⚠️  ralphton-developer: VM 상태 비정상 (ERROR)
[2026-02-28 20:09:00 KST] ⚠️  ralphton-domain-expert: VM 상태 비정상 (ERROR)
[2026-02-28 20:09:00 KST] ⚠️  ralphton-a100: VM 상태 비정상 (ERROR)
[2026-02-28 20:09:00 KST] ⚠️  ralphton-evaluator: VM 상태 비정상 (ERROR)
[2026-02-28 20:09:00 KST] ========== 이상 감지 — 복구 0건 수행 ==========
[2026-02-28 20:12:00 KST] ========== Watchdog 실행 시작 ==========
[2026-02-28 20:12:00 KST] ⚠️  ralphton-watcher: VM 상태 비정상 (ERROR)
[2026-02-28 20:12:01 KST] ⚠️  ralphton-developer: VM 상태 비정상 (ERROR)
[2026-02-28 20:12:01 KST] ⚠️  ralphton-domain-expert: VM 상태 비정상 (ERROR)
[2026-02-28 20:12:01 KST] ⚠️  ralphton-a100: VM 상태 비정상 (ERROR)
[2026-02-28 20:12:01 KST] ⚠️  ralphton-evaluator: VM 상태 비정상 (ERROR)
[2026-02-28 20:12:01 KST] ========== 이상 감지 — 복구 0건 수행 ==========
[2026-02-28 20:15:00 KST] ========== Watchdog 실행 시작 ==========
[2026-02-28 20:15:00 KST] ⚠️  ralphton-watcher: VM 상태 비정상 (ERROR)
[2026-02-28 20:15:00 KST] ⚠️  ralphton-developer: VM 상태 비정상 (ERROR)
[2026-02-28 20:15:00 KST] ⚠️  ralphton-domain-expert: VM 상태 비정상 (ERROR)
[2026-02-28 20:15:00 KST] ⚠️  ralphton-a100: VM 상태 비정상 (ERROR)
[2026-02-28 20:15:00 KST] ⚠️  ralphton-evaluator: VM 상태 비정상 (ERROR)
[2026-02-28 20:15:00 KST] ========== 이상 감지 — 복구 0건 수행 ==========
[2026-02-28 20:18:00 KST] ========== Watchdog 실행 시작 ==========
[2026-02-28 20:18:00 KST] ⚠️  ralphton-watcher: VM 상태 비정상 (ERROR)
[2026-02-28 20:18:00 KST] ⚠️  ralphton-developer: VM 상태 비정상 (ERROR)
[2026-02-28 20:18:00 KST] ⚠️  ralphton-domain-expert: VM 상태 비정상 (ERROR)
[2026-02-28 20:18:00 KST] ⚠️  ralphton-a100: VM 상태 비정상 (ERROR)
[2026-02-28 20:18:00 KST] ⚠️  ralphton-evaluator: VM 상태 비정상 (ERROR)
[2026-02-28 20:18:00 KST] ========== 이상 감지 — 복구 0건 수행 ==========
[2026-02-28 20:21:01 KST] ========== Watchdog 실행 시작 ==========
[2026-02-28 20:21:01 KST] ⚠️  ralphton-watcher: VM 상태 비정상 (ERROR)
[2026-02-28 20:21:01 KST] ⚠️  ralphton-developer: VM 상태 비정상 (ERROR)
[2026-02-28 20:21:01 KST] ⚠️  ralphton-domain-expert: VM 상태 비정상 (ERROR)
[2026-02-28 20:21:01 KST] ⚠️  ralphton-a100: VM 상태 비정상 (ERROR)
[2026-02-28 20:21:01 KST] ⚠️  ralphton-evaluator: VM 상태 비정상 (ERROR)
[2026-02-28 20:21:01 KST] ========== 이상 감지 — 복구 0건 수행 ==========
[2026-02-28 20:24:00 KST] ========== Watchdog 실행 시작 ==========
[2026-02-28 20:24:00 KST] ⚠️  ralphton-watcher: VM 상태 비정상 (ERROR)
[2026-02-28 20:24:00 KST] ⚠️  ralphton-developer: VM 상태 비정상 (ERROR)
[2026-02-28 20:24:00 KST] ⚠️  ralphton-domain-expert: VM 상태 비정상 (ERROR)
[2026-02-28 20:24:00 KST] ⚠️  ralphton-a100: VM 상태 비정상 (ERROR)
[2026-02-28 20:24:00 KST] ⚠️  ralphton-evaluator: VM 상태 비정상 (ERROR)
[2026-02-28 20:24:00 KST] ========== 이상 감지 — 복구 0건 수행 ==========
[2026-02-28 20:27:00 KST] ========== Watchdog 실행 시작 ==========
[2026-02-28 20:27:00 KST] ⚠️  ralphton-watcher: VM 상태 비정상 (ERROR)
[2026-02-28 20:27:00 KST] ⚠️  ralphton-developer: VM 상태 비정상 (ERROR)
[2026-02-28 20:27:00 KST] ⚠️  ralphton-domain-expert: VM 상태 비정상 (ERROR)
[2026-02-28 20:27:00 KST] ⚠️  ralphton-a100: VM 상태 비정상 (ERROR)
[2026-02-28 20:27:00 KST] ⚠️  ralphton-evaluator: VM 상태 비정상 (ERROR)
[2026-02-28 20:27:00 KST] ========== 이상 감지 — 복구 0건 수행 ==========
[2026-02-28 20:30:00 KST] ========== Watchdog 실행 시작 ==========
[2026-02-28 20:30:05 KST] ✅ ralphton-watcher: VM=RUNNING, Agent=ALIVE
[2026-02-28 20:30:12 KST] ✅ ralphton-developer: VM=RUNNING, Agent=ALIVE
[2026-02-28 20:30:20 KST] ✅ ralphton-domain-expert: VM=RUNNING, Agent=ALIVE
[2026-02-28 20:30:30 KST] ⚠️  ralphton-a100: VM=RUNNING, SSH 접속 실패 → VM 재시작 시도
[2026-02-28 20:31:34 KST] ✅ ralphton-evaluator: VM=RUNNING, Agent=ALIVE
[2026-02-28 20:31:48 KST] ========== 이상 감지 — 복구 1건 수행 ==========
[2026-02-28 20:33:00 KST] ========== Watchdog 실행 시작 ==========
[2026-02-28 20:33:05 KST] ✅ ralphton-watcher: VM=RUNNING, Agent=ALIVE
[2026-02-28 20:33:12 KST] ✅ ralphton-developer: VM=RUNNING, Agent=ALIVE
[2026-02-28 20:33:18 KST] ✅ ralphton-domain-expert: VM=RUNNING, Agent=ALIVE
[2026-02-28 20:33:28 KST] ✅ ralphton-a100: VM=RUNNING, Agent=ALIVE
[2026-02-28 20:33:38 KST] ✅ ralphton-evaluator: VM=RUNNING, Agent=ALIVE
[2026-02-28 20:33:49 KST] ========== 전체 정상 (5/5 VM, 5/5 Agent) ==========
[2026-02-28 20:36:00 KST] ========== Watchdog 실행 시작 ==========
[2026-02-28 20:36:05 KST] ✅ ralphton-watcher: VM=RUNNING, Agent=ALIVE
[2026-02-28 20:36:12 KST] ✅ ralphton-developer: VM=RUNNING, Agent=ALIVE
[2026-02-28 20:36:18 KST] ✅ ralphton-domain-expert: VM=RUNNING, Agent=ALIVE
[2026-02-28 20:36:28 KST] ✅ ralphton-a100: VM=RUNNING, Agent=ALIVE
[2026-02-28 20:36:38 KST] ✅ ralphton-evaluator: VM=RUNNING, Agent=ALIVE
[2026-02-28 20:36:49 KST] ========== 전체 정상 (5/5 VM, 5/5 Agent) ==========
[2026-02-28 20:39:00 KST] ========== Watchdog 실행 시작 ==========
[2026-02-28 20:39:05 KST] ✅ ralphton-watcher: VM=RUNNING, Agent=ALIVE
[2026-02-28 20:39:12 KST] ✅ ralphton-developer: VM=RUNNING, Agent=ALIVE
[2026-02-28 20:39:20 KST] ✅ ralphton-domain-expert: VM=RUNNING, Agent=ALIVE
[2026-02-28 20:39:30 KST] ✅ ralphton-a100: VM=RUNNING, Agent=ALIVE
[2026-02-28 20:39:42 KST] ✅ ralphton-evaluator: VM=RUNNING, Agent=ALIVE
[2026-02-28 20:39:54 KST] ========== 전체 정상 (5/5 VM, 5/5 Agent) ==========
[2026-02-28 20:42:00 KST] ========== Watchdog 실행 시작 ==========
[2026-02-28 20:42:04 KST] ✅ ralphton-watcher: VM=RUNNING, Agent=ALIVE
[2026-02-28 20:42:12 KST] ✅ ralphton-developer: VM=RUNNING, Agent=ALIVE
[2026-02-28 20:42:19 KST] ✅ ralphton-domain-expert: VM=RUNNING, Agent=ALIVE
[2026-02-28 20:42:29 KST] ✅ ralphton-a100: VM=RUNNING, Agent=ALIVE
[2026-02-28 20:42:38 KST] ✅ ralphton-evaluator: VM=RUNNING, Agent=ALIVE
[2026-02-28 20:42:52 KST] ========== 전체 정상 (5/5 VM, 5/5 Agent) ==========
[2026-02-28 20:45:00 KST] ========== Watchdog 실행 시작 ==========
[2026-02-28 20:45:05 KST] ✅ ralphton-watcher: VM=RUNNING, Agent=ALIVE
[2026-02-28 20:45:13 KST] ✅ ralphton-developer: VM=RUNNING, Agent=ALIVE
[2026-02-28 20:45:20 KST] ✅ ralphton-domain-expert: VM=RUNNING, Agent=ALIVE
[2026-02-28 20:45:31 KST] ✅ ralphton-a100: VM=RUNNING, Agent=ALIVE
[2026-02-28 20:45:41 KST] ✅ ralphton-evaluator: VM=RUNNING, Agent=ALIVE
[2026-02-28 20:45:51 KST] ========== 전체 정상 (5/5 VM, 5/5 Agent) ==========
[2026-02-28 20:48:01 KST] ========== Watchdog 실행 시작 ==========
[2026-02-28 20:48:06 KST] ✅ ralphton-watcher: VM=RUNNING, Agent=ALIVE
[2026-02-28 20:48:13 KST] ✅ ralphton-developer: VM=RUNNING, Agent=ALIVE
[2026-02-28 20:48:21 KST] ✅ ralphton-domain-expert: VM=RUNNING, Agent=ALIVE
[2026-02-28 20:48:33 KST] ✅ ralphton-a100: VM=RUNNING, Agent=ALIVE
[2026-02-28 20:48:43 KST] ✅ ralphton-evaluator: VM=RUNNING, Agent=ALIVE
[2026-02-28 20:48:55 KST] ========== 전체 정상 (5/5 VM, 5/5 Agent) ==========
[2026-02-28 20:51:00 KST] ========== Watchdog 실행 시작 ==========
[2026-02-28 20:51:05 KST] ✅ ralphton-watcher: VM=RUNNING, Agent=ALIVE
[2026-02-28 20:51:13 KST] ✅ ralphton-developer: VM=RUNNING, Agent=ALIVE
[2026-02-28 20:51:21 KST] ✅ ralphton-domain-expert: VM=RUNNING, Agent=ALIVE
[2026-02-28 20:51:32 KST] ✅ ralphton-a100: VM=RUNNING, Agent=ALIVE
[2026-02-28 20:51:42 KST] ✅ ralphton-evaluator: VM=RUNNING, Agent=ALIVE
[2026-02-28 20:51:54 KST] ========== 전체 정상 (5/5 VM, 5/5 Agent) ==========
[2026-02-28 20:54:00 KST] ========== Watchdog 실행 시작 ==========
[2026-02-28 20:54:05 KST] ✅ ralphton-watcher: VM=RUNNING, Agent=ALIVE
[2026-02-28 20:54:13 KST] ✅ ralphton-developer: VM=RUNNING, Agent=ALIVE
[2026-02-28 20:54:21 KST] ✅ ralphton-domain-expert: VM=RUNNING, Agent=ALIVE
[2026-02-28 20:54:32 KST] ✅ ralphton-a100: VM=RUNNING, Agent=ALIVE
[2026-02-28 20:54:44 KST] ✅ ralphton-evaluator: VM=RUNNING, Agent=ALIVE
[2026-02-28 20:54:56 KST] ========== 전체 정상 (5/5 VM, 5/5 Agent) ==========
[2026-02-28 20:57:00 KST] ========== Watchdog 실행 시작 ==========
[2026-02-28 20:57:05 KST] ✅ ralphton-watcher: VM=RUNNING, Agent=ALIVE
[2026-02-28 20:57:12 KST] ✅ ralphton-developer: VM=RUNNING, Agent=ALIVE
[2026-02-28 20:57:19 KST] ✅ ralphton-domain-expert: VM=RUNNING, Agent=ALIVE
[2026-02-28 20:57:30 KST] ✅ ralphton-a100: VM=RUNNING, Agent=ALIVE
[2026-02-28 20:57:40 KST] ✅ ralphton-evaluator: VM=RUNNING, Agent=ALIVE
[2026-02-28 20:57:50 KST] ========== 전체 정상 (5/5 VM, 5/5 Agent) ==========
[2026-02-28 21:00:00 KST] ========== Watchdog 실행 시작 ==========
[2026-02-28 21:00:05 KST] ✅ ralphton-watcher: VM=RUNNING, Agent=ALIVE
[2026-02-28 21:00:12 KST] ✅ ralphton-developer: VM=RUNNING, Agent=ALIVE
[2026-02-28 21:00:20 KST] ✅ ralphton-domain-expert: VM=RUNNING, Agent=ALIVE
[2026-02-28 21:00:32 KST] ✅ ralphton-a100: VM=RUNNING, Agent=ALIVE
[2026-02-28 21:00:43 KST] ✅ ralphton-evaluator: VM=RUNNING, Agent=ALIVE
[2026-02-28 21:00:55 KST] ========== 전체 정상 (5/5 VM, 5/5 Agent) ==========
[2026-02-28 21:03:00 KST] ========== Watchdog 실행 시작 ==========
[2026-02-28 21:03:05 KST] ✅ ralphton-watcher: VM=RUNNING, Agent=ALIVE
[2026-02-28 21:03:13 KST] ✅ ralphton-developer: VM=RUNNING, Agent=ALIVE
[2026-02-28 21:03:20 KST] ✅ ralphton-domain-expert: VM=RUNNING, Agent=ALIVE
[2026-02-28 21:03:32 KST] ✅ ralphton-a100: VM=RUNNING, Agent=ALIVE
[2026-02-28 21:03:43 KST] ✅ ralphton-evaluator: VM=RUNNING, Agent=ALIVE
[2026-02-28 21:03:57 KST] ========== 전체 정상 (5/5 VM, 5/5 Agent) ==========
[2026-02-28 21:06:00 KST] ========== Watchdog 실행 시작 ==========
[2026-02-28 21:06:05 KST] ✅ ralphton-watcher: VM=RUNNING, Agent=ALIVE
[2026-02-28 21:06:13 KST] ✅ ralphton-developer: VM=RUNNING, Agent=ALIVE
[2026-02-28 21:06:20 KST] ✅ ralphton-domain-expert: VM=RUNNING, Agent=ALIVE
