[2026-02-28 19:30:00 KST] ralphton-watcher: VM 상태 비정상 (ERROR)
[2026-02-28 19:30:00 KST] ralphton-developer: VM 상태 비정상 (ERROR)
[2026-02-28 19:30:00 KST] ralphton-domain-expert: VM 상태 비정상 (ERROR)
[2026-02-28 19:30:00 KST] ralphton-a100: VM 상태 비정상 (ERROR)
[2026-02-28 19:30:00 KST] ralphton-evaluator: VM 상태 비정상 (ERROR)
[2026-02-28 19:33:00 KST] ralphton-watcher: VM 상태 비정상 (ERROR)
[2026-02-28 19:33:00 KST] ralphton-developer: VM 상태 비정상 (ERROR)
[2026-02-28 19:33:00 KST] ralphton-domain-expert: VM 상태 비정상 (ERROR)
[2026-02-28 19:33:00 KST] ralphton-a100: VM 상태 비정상 (ERROR)
[2026-02-28 19:33:00 KST] ralphton-evaluator: VM 상태 비정상 (ERROR)
[2026-02-28 19:36:00 KST] ralphton-watcher: VM 상태 비정상 (ERROR)
[2026-02-28 19:36:00 KST] ralphton-developer: VM 상태 비정상 (ERROR)
[2026-02-28 19:36:00 KST] ralphton-domain-expert: VM 상태 비정상 (ERROR)
[2026-02-28 19:36:00 KST] ralphton-a100: VM 상태 비정상 (ERROR)
[2026-02-28 19:36:00 KST] ralphton-evaluator: VM 상태 비정상 (ERROR)
[2026-02-28 19:39:01 KST] ralphton-watcher: VM 상태 비정상 (ERROR)
[2026-02-28 19:39:01 KST] ralphton-developer: VM 상태 비정상 (ERROR)
[2026-02-28 19:39:01 KST] ralphton-domain-expert: VM 상태 비정상 (ERROR)
[2026-02-28 19:39:01 KST] ralphton-a100: VM 상태 비정상 (ERROR)
[2026-02-28 19:39:01 KST] ralphton-evaluator: VM 상태 비정상 (ERROR)
[2026-02-28 19:42:00 KST] ralphton-watcher: VM 상태 비정상 (ERROR)
[2026-02-28 19:42:00 KST] ralphton-developer: VM 상태 비정상 (ERROR)
[2026-02-28 19:42:00 KST] ralphton-domain-expert: VM 상태 비정상 (ERROR)
[2026-02-28 19:42:00 KST] ralphton-a100: VM 상태 비정상 (ERROR)
[2026-02-28 19:42:00 KST] ralphton-evaluator: VM 상태 비정상 (ERROR)
[2026-02-28 19:45:00 KST] ralphton-watcher: VM 상태 비정상 (ERROR)
[2026-02-28 19:45:00 KST] ralphton-developer: VM 상태 비정상 (ERROR)
[2026-02-28 19:45:00 KST] ralphton-domain-expert: VM 상태 비정상 (ERROR)
[2026-02-28 19:45:00 KST] ralphton-a100: VM 상태 비정상 (ERROR)
[2026-02-28 19:45:00 KST] ralphton-evaluator: VM 상태 비정상 (ERROR)
[2026-02-28 19:48:01 KST] ralphton-watcher: VM 상태 비정상 (ERROR)
[2026-02-28 19:48:01 KST] ralphton-developer: VM 상태 비정상 (ERROR)
[2026-02-28 19:48:01 KST] ralphton-domain-expert: VM 상태 비정상 (ERROR)
[2026-02-28 19:48:01 KST] ralphton-a100: VM 상태 비정상 (ERROR)
[2026-02-28 19:48:01 KST] ralphton-evaluator: VM 상태 비정상 (ERROR)
[2026-02-28 19:51:00 KST] ralphton-watcher: VM 상태 비정상 (ERROR)
[2026-02-28 19:51:00 KST] ralphton-developer: VM 상태 비정상 (ERROR)
[2026-02-28 19:51:00 KST] ralphton-domain-expert: VM 상태 비정상 (ERROR)
[2026-02-28 19:51:00 KST] ralphton-a100: VM 상태 비정상 (ERROR)
[2026-02-28 19:51:00 KST] ralphton-evaluator: VM 상태 비정상 (ERROR)
[2026-02-28 19:54:00 KST] ralphton-watcher: VM 상태 비정상 (ERROR)
[2026-02-28 19:54:00 KST] ralphton-developer: VM 상태 비정상 (ERROR)
[2026-02-28 19:54:00 KST] ralphton-domain-expert: VM 상태 비정상 (ERROR)
[2026-02-28 19:54:00 KST] ralphton-a100: VM 상태 비정상 (ERROR)
[2026-02-28 19:54:00 KST] ralphton-evaluator: VM 상태 비정상 (ERROR)
[2026-02-28 19:57:00 KST] ralphton-watcher: VM 상태 비정상 (ERROR)
[2026-02-28 19:57:00 KST] ralphton-developer: VM 상태 비정상 (ERROR)
[2026-02-28 19:57:00 KST] ralphton-domain-expert: VM 상태 비정상 (ERROR)
[2026-02-28 19:57:00 KST] ralphton-a100: VM 상태 비정상 (ERROR)
[2026-02-28 19:57:00 KST] ralphton-evaluator: VM 상태 비정상 (ERROR)
[2026-02-28 20:00:00 KST] ralphton-watcher: VM 상태 비정상 (ERROR)
[2026-02-28 20:00:00 KST] ralphton-developer: VM 상태 비정상 (ERROR)
[2026-02-28 20:00:00 KST] ralphton-domain-expert: VM 상태 비정상 (ERROR)
[2026-02-28 20:00:00 KST] ralphton-a100: VM 상태 비정상 (ERROR)
[2026-02-28 20:00:00 KST] ralphton-evaluator: VM 상태 비정상 (ERROR)
[2026-02-28 20:03:00 KST] ralphton-watcher: VM 상태 비정상 (ERROR)
[2026-02-28 20:03:00 KST] ralphton-developer: VM 상태 비정상 (ERROR)
[2026-02-28 20:03:00 KST] ralphton-domain-expert: VM 상태 비정상 (ERROR)
[2026-02-28 20:03:00 KST] ralphton-a100: VM 상태 비정상 (ERROR)
[2026-02-28 20:03:01 KST] ralphton-evaluator: VM 상태 비정상 (ERROR)
[2026-02-28 20:06:00 KST] ralphton-watcher: VM 상태 비정상 (ERROR)
[2026-02-28 20:06:00 KST] ralphton-developer: VM 상태 비정상 (ERROR)
[2026-02-28 20:06:00 KST] ralphton-domain-expert: VM 상태 비정상 (ERROR)
[2026-02-28 20:06:00 KST] ralphton-a100: VM 상태 비정상 (ERROR)
[2026-02-28 20:06:00 KST] ralphton-evaluator: VM 상태 비정상 (ERROR)
[2026-02-28 20:09:00 KST] ralphton-watcher: VM 상태 비정상 (ERROR)
[2026-02-28 20:09:00 KST] ralphton-developer: VM 상태 비정상 (ERROR)
[2026-02-28 20:09:00 KST] ralphton-domain-expert: VM 상태 비정상 (ERROR)
[2026-02-28 20:09:00 KST] ralphton-a100: VM 상태 비정상 (ERROR)
[2026-02-28 20:09:00 KST] ralphton-evaluator: VM 상태 비정상 (ERROR)
[2026-02-28 20:12:00 KST] ralphton-watcher: VM 상태 비정상 (ERROR)
[2026-02-28 20:12:01 KST] ralphton-developer: VM 상태 비정상 (ERROR)
[2026-02-28 20:12:01 KST] ralphton-domain-expert: VM 상태 비정상 (ERROR)
[2026-02-28 20:12:01 KST] ralphton-a100: VM 상태 비정상 (ERROR)
[2026-02-28 20:12:01 KST] ralphton-evaluator: VM 상태 비정상 (ERROR)
[2026-02-28 20:15:00 KST] ralphton-watcher: VM 상태 비정상 (ERROR)
[2026-02-28 20:15:00 KST] ralphton-developer: VM 상태 비정상 (ERROR)
[2026-02-28 20:15:00 KST] ralphton-domain-expert: VM 상태 비정상 (ERROR)
[2026-02-28 20:15:00 KST] ralphton-a100: VM 상태 비정상 (ERROR)
[2026-02-28 20:15:00 KST] ralphton-evaluator: VM 상태 비정상 (ERROR)
[2026-02-28 20:18:00 KST] ralphton-watcher: VM 상태 비정상 (ERROR)
[2026-02-28 20:18:00 KST] ralphton-developer: VM 상태 비정상 (ERROR)
[2026-02-28 20:18:00 KST] ralphton-domain-expert: VM 상태 비정상 (ERROR)
[2026-02-28 20:18:00 KST] ralphton-a100: VM 상태 비정상 (ERROR)
[2026-02-28 20:18:00 KST] ralphton-evaluator: VM 상태 비정상 (ERROR)
[2026-02-28 20:21:01 KST] ralphton-watcher: VM 상태 비정상 (ERROR)
[2026-02-28 20:21:01 KST] ralphton-developer: VM 상태 비정상 (ERROR)
[2026-02-28 20:21:01 KST] ralphton-domain-expert: VM 상태 비정상 (ERROR)
[2026-02-28 20:21:01 KST] ralphton-a100: VM 상태 비정상 (ERROR)
[2026-02-28 20:21:01 KST] ralphton-evaluator: VM 상태 비정상 (ERROR)
[2026-02-28 20:24:00 KST] ralphton-watcher: VM 상태 비정상 (ERROR)
[2026-02-28 20:24:00 KST] ralphton-developer: VM 상태 비정상 (ERROR)
[2026-02-28 20:24:00 KST] ralphton-domain-expert: VM 상태 비정상 (ERROR)
[2026-02-28 20:24:00 KST] ralphton-a100: VM 상태 비정상 (ERROR)
[2026-02-28 20:24:00 KST] ralphton-evaluator: VM 상태 비정상 (ERROR)
[2026-02-28 20:27:00 KST] ralphton-watcher: VM 상태 비정상 (ERROR)
[2026-02-28 20:27:00 KST] ralphton-developer: VM 상태 비정상 (ERROR)
[2026-02-28 20:27:00 KST] ralphton-domain-expert: VM 상태 비정상 (ERROR)
[2026-02-28 20:27:00 KST] ralphton-a100: VM 상태 비정상 (ERROR)
[2026-02-28 20:27:00 KST] ralphton-evaluator: VM 상태 비정상 (ERROR)
[2026-02-28 20:29:49 KST] ralphton-a100: VM=TERMINATED → 자동 시작
[2026-02-28 20:29:49 KST] VM 시작 중: ralphton-a100 (us-central1-a)
[2026-02-28 20:30:30 KST] ralphton-a100: VM=RUNNING, SSH 접속 실패 → VM 재시작 시도
[2026-02-28 20:30:38 KST] 에이전트 프로세스 재시작 중: ralphton-a100
